<?xml version="1.0" encoding="UTF-8"?>
<testsuite name="test.pivotal.pal.tracker.EnvControllerTest" tests="1" skipped="0" failures="0" errors="0" timestamp="2021-02-04T20:38:11" hostname="ip-172-31-87-66" time="0.001">
  <properties/>
  <testcase name="getEnv()" classname="test.pivotal.pal.tracker.EnvControllerTest" time="0.001"/>
  <system-out><![CDATA[]]></system-out>
  <system-err><![CDATA[]]></system-err>
</testsuite>
