<?xml version="1.0" encoding="UTF-8"?>
<testsuite name="test.pivotal.pal.tracker.TimeEntryControllerTest" tests="7" skipped="0" failures="0" errors="0" timestamp="2021-02-04T20:38:10" hostname="ip-172-31-87-66" time="0.44">
  <properties/>
  <testcase name="testList()" classname="test.pivotal.pal.tracker.TimeEntryControllerTest" time="0.421"/>
  <testcase name="testRead()" classname="test.pivotal.pal.tracker.TimeEntryControllerTest" time="0.003"/>
  <testcase name="testRead_NotFound()" classname="test.pivotal.pal.tracker.TimeEntryControllerTest" time="0.001"/>
  <testcase name="testUpdate_NotFound()" classname="test.pivotal.pal.tracker.TimeEntryControllerTest" time="0.004"/>
  <testcase name="testCreate()" classname="test.pivotal.pal.tracker.TimeEntryControllerTest" time="0.003"/>
  <testcase name="testDelete()" classname="test.pivotal.pal.tracker.TimeEntryControllerTest" time="0.003"/>
  <testcase name="testUpdate()" classname="test.pivotal.pal.tracker.TimeEntryControllerTest" time="0.002"/>
  <system-out><![CDATA[]]></system-out>
  <system-err><![CDATA[]]></system-err>
</testsuite>
