<?xml version="1.0" encoding="UTF-8"?>
<testsuite name="test.pivotal.pal.trackerapi.WelcomeApiTest" tests="1" skipped="0" failures="0" errors="0" timestamp="2021-02-04T20:38:14" hostname="ip-172-31-87-66" time="0.164">
  <properties/>
  <testcase name="exampleTest()" classname="test.pivotal.pal.trackerapi.WelcomeApiTest" time="0.164"/>
  <system-out><![CDATA[2021-02-04 20:38:14.300  INFO 658377 --- [    Test worker] .b.t.c.SpringBootTestContextBootstrapper : Neither @ContextConfiguration nor @ContextHierarchy found for test class [test.pivotal.pal.trackerapi.WelcomeApiTest], using SpringBootContextLoader
2021-02-04 20:38:14.301  INFO 658377 --- [    Test worker] o.s.t.c.support.AbstractContextLoader    : Could not detect default resource locations for test class [test.pivotal.pal.trackerapi.WelcomeApiTest]: no resource found for suffixes {-context.xml, Context.groovy}.
2021-02-04 20:38:14.305  INFO 658377 --- [    Test worker] .b.t.c.SpringBootTestContextBootstrapper : Loaded default TestExecutionListener class names from location [META-INF/spring.factories]: [org.springframework.boot.test.autoconfigure.restdocs.RestDocsTestExecutionListener, org.springframework.boot.test.autoconfigure.web.client.MockRestServiceServerResetTestExecutionListener, org.springframework.boot.test.autoconfigure.web.servlet.MockMvcPrintOnlyOnFailureTestExecutionListener, org.springframework.boot.test.autoconfigure.web.servlet.WebDriverTestExecutionListener, org.springframework.boot.test.autoconfigure.webservices.client.MockWebServiceServerTestExecutionListener, org.springframework.boot.test.mock.mockito.MockitoTestExecutionListener, org.springframework.boot.test.mock.mockito.ResetMocksTestExecutionListener, org.springframework.test.context.web.ServletTestExecutionListener, org.springframework.test.context.support.DirtiesContextBeforeModesTestExecutionListener, org.springframework.test.context.support.DependencyInjectionTestExecutionListener, org.springframework.test.context.support.DirtiesContextTestExecutionListener, org.springframework.test.context.transaction.TransactionalTestExecutionListener, org.springframework.test.context.jdbc.SqlScriptsTestExecutionListener, org.springframework.test.context.event.EventPublishingTestExecutionListener]
2021-02-04 20:38:14.305  INFO 658377 --- [    Test worker] .b.t.c.SpringBootTestContextBootstrapper : Using TestExecutionListeners: [org.springframework.test.context.web.ServletTestExecutionListener@5dbc82bc, org.springframework.test.context.support.DirtiesContextBeforeModesTestExecutionListener@6ca115b9, org.springframework.boot.test.mock.mockito.MockitoTestExecutionListener@6e7dcd85, org.springframework.boot.test.autoconfigure.SpringBootDependencyInjectionTestExecutionListener@5da70794, org.springframework.test.context.support.DirtiesContextTestExecutionListener@64b7d7fe, org.springframework.test.context.transaction.TransactionalTestExecutionListener@5f0a0c, org.springframework.test.context.jdbc.SqlScriptsTestExecutionListener@ceee67, org.springframework.test.context.event.EventPublishingTestExecutionListener@65b0d24d, org.springframework.boot.test.autoconfigure.restdocs.RestDocsTestExecutionListener@3f62e122, org.springframework.boot.test.autoconfigure.web.client.MockRestServiceServerResetTestExecutionListener@471583a8, org.springframework.boot.test.autoconfigure.web.servlet.MockMvcPrintOnlyOnFailureTestExecutionListener@30dfe0fb, org.springframework.boot.test.autoconfigure.web.servlet.WebDriverTestExecutionListener@539e7e17, org.springframework.boot.test.autoconfigure.webservices.client.MockWebServiceServerTestExecutionListener@7bddeeb7, org.springframework.boot.test.mock.mockito.ResetMocksTestExecutionListener@103e2aa7]
2021-02-04 20:38:14.423  INFO 658377 --- [o-auto-1-exec-1] o.a.c.c.C.[Tomcat].[localhost].[/]       : Initializing Spring DispatcherServlet 'dispatcherServlet'
2021-02-04 20:38:14.424  INFO 658377 --- [o-auto-1-exec-1] o.s.web.servlet.DispatcherServlet        : Initializing Servlet 'dispatcherServlet'
2021-02-04 20:38:14.425  INFO 658377 --- [o-auto-1-exec-1] o.s.web.servlet.DispatcherServlet        : Completed initialization in 1 ms
]]></system-out>
  <system-err><![CDATA[]]></system-err>
</testsuite>
